app/build/outputs/logs/manifest-merger-debug-report.txt
-- Merging decision tree log ---
manifest
ADDED from src\main\AndroidManifest.xml:2:1-24:12
	xmlns:android
		ADDED from src\main\AndroidManifest.xml:2:11-69
	package
		ADDED from src\main\AndroidManifest.xml:4:33-67
		INJECTED from src\main\AndroidManifest.xml
		INJECTED from src\main\AndroidManifest.xml
	android:versionName
		ADDED from src\main\AndroidManifest.xml:4:7-32
		INJECTED from src\main\AndroidManifest.xml
		INJECTED from src\main\AndroidManifest.xml
	android:versionCode
		ADDED from src\main\AndroidManifest.xml:3:7-30
		INJECTED from src\main\AndroidManifest.xml
		INJECTED from src\main\AndroidManifest.xml
uses-sdk
ADDED from src\main\AndroidManifest.xml:5:5-44
	android:targetSdkVersion
		INJECTED from src\main\AndroidManifest.xml
		INJECTED from src\main\AndroidManifest.xml
	android:minSdkVersion
		ADDED from src\main\AndroidManifest.xml:5:15-41
		INJECTED from src\main\AndroidManifest.xml
		INJECTED from src\main\AndroidManifest.xml
application
ADDED from src\main\AndroidManifest.xml:7:5-22:38
	android:label
		ADDED from src\main\AndroidManifest.xml:7:56-88
	android:icon
		ADDED from src\main\AndroidManifest.xml:7:18-55
activity#com.haddondroyd.spinglas.SpinGlas
ADDED from src\main\AndroidManifest.xml:8:9-14:20
	android:label
		ADDED from src\main\AndroidManifest.xml:9:19-51
	android:name
		ADDED from src\main\AndroidManifest.xml:8:19-43
intent-filter#android.intent.action.MAIN+android.intent.category.LAUNCHER
ADDED from src\main\AndroidManifest.xml:10:13-13:29
action#android.intent.action.MAIN
ADDED from src\main\AndroidManifest.xml:11:17-69
	android:name
		ADDED from src\main\AndroidManifest.xml:11:25-66
category#android.intent.category.LAUNCHER
ADDED from src\main\AndroidManifest.xml:12:17-77
	android:name
		ADDED from src\main\AndroidManifest.xml:12:27-74
activity#com.haddondroyd.spinglas.HelpActivity
ADDED from src\main\AndroidManifest.xml:15:9-18:20
	android:theme
		ADDED from src\main\AndroidManifest.xml:17:17-59
	android:name
		ADDED from src\main\AndroidManifest.xml:16:17-45
activity#com.haddondroyd.spinglas.AboutActivity
ADDED from src\main\AndroidManifest.xml:19:9-22:20
	android:theme
		ADDED from src\main\AndroidManifest.xml:21:17-59
	android:name
		ADDED from src\main\AndroidManifest.xml:20:17-46